04-Sep-2014 13:26:43 CEST  Initiating request to open file file:../data_HLT_RAW/hlt_data_Run2012D.root
04-Sep-2014 13:26:43 CEST  Successfully opened file file:../data_HLT_RAW/hlt_data_Run2012D.root
Begin processing the 1st record. Run 208307, Event 722913688, LumiSection 511 at 04-Sep-2014 13:26:55.599 CEST
Begin processing the 2nd record. Run 208307, Event 722911352, LumiSection 511 at 04-Sep-2014 13:27:24.540 CEST
Begin processing the 3rd record. Run 208307, Event 722968312, LumiSection 511 at 04-Sep-2014 13:27:32.248 CEST
Begin processing the 4th record. Run 208307, Event 722881648, LumiSection 511 at 04-Sep-2014 13:27:37.718 CEST
Begin processing the 5th record. Run 208307, Event 722947792, LumiSection 511 at 04-Sep-2014 13:27:46.839 CEST
Begin processing the 6th record. Run 208307, Event 723036792, LumiSection 511 at 04-Sep-2014 13:28:02.445 CEST
Begin processing the 7th record. Run 208307, Event 723162184, LumiSection 511 at 04-Sep-2014 13:28:09.225 CEST
Begin processing the 8th record. Run 208307, Event 723147712, LumiSection 511 at 04-Sep-2014 13:28:15.853 CEST
Begin processing the 9th record. Run 208307, Event 723227976, LumiSection 511 at 04-Sep-2014 13:28:34.563 CEST
Begin processing the 10th record. Run 208307, Event 723295648, LumiSection 511 at 04-Sep-2014 13:28:42.272 CEST
Begin processing the 11th record. Run 208307, Event 723422576, LumiSection 511 at 04-Sep-2014 13:28:49.700 CEST
Begin processing the 12th record. Run 208307, Event 723515976, LumiSection 511 at 04-Sep-2014 13:29:02.496 CEST
Begin processing the 13th record. Run 208307, Event 723505904, LumiSection 511 at 04-Sep-2014 13:29:08.574 CEST
Begin processing the 14th record. Run 208307, Event 723625448, LumiSection 511 at 04-Sep-2014 13:29:14.503 CEST
Begin processing the 15th record. Run 208307, Event 723665472, LumiSection 511 at 04-Sep-2014 13:29:24.909 CEST
Begin processing the 16th record. Run 208307, Event 723746624, LumiSection 511 at 04-Sep-2014 13:29:56.556 CEST
Begin processing the 17th record. Run 208307, Event 723940112, LumiSection 511 at 04-Sep-2014 13:30:04.938 CEST
Begin processing the 18th record. Run 208307, Event 724010976, LumiSection 511 at 04-Sep-2014 13:30:12.771 CEST
Begin processing the 19th record. Run 208307, Event 722887250, LumiSection 511 at 04-Sep-2014 13:30:22.779 CEST
Begin processing the 20th record. Run 208307, Event 723046114, LumiSection 511 at 04-Sep-2014 13:30:24.682 CEST
Begin processing the 21st record. Run 208307, Event 723082474, LumiSection 511 at 04-Sep-2014 13:30:33.055 CEST
Begin processing the 22nd record. Run 208307, Event 723145050, LumiSection 511 at 04-Sep-2014 13:30:40.504 CEST
Begin processing the 23rd record. Run 208307, Event 723315410, LumiSection 511 at 04-Sep-2014 13:30:45.037 CEST
Begin processing the 24th record. Run 208307, Event 723282834, LumiSection 511 at 04-Sep-2014 13:30:48.619 CEST
Begin processing the 25th record. Run 208307, Event 723360514, LumiSection 511 at 04-Sep-2014 13:30:54.955 CEST
Begin processing the 26th record. Run 208307, Event 723367682, LumiSection 511 at 04-Sep-2014 13:31:04.908 CEST
Begin processing the 27th record. Run 208307, Event 723440666, LumiSection 511 at 04-Sep-2014 13:31:13.400 CEST
Begin processing the 28th record. Run 208307, Event 723479690, LumiSection 511 at 04-Sep-2014 13:31:21.782 CEST
Begin processing the 29th record. Run 208307, Event 723436258, LumiSection 511 at 04-Sep-2014 13:31:27.955 CEST
Begin processing the 30th record. Run 208307, Event 723505330, LumiSection 511 at 04-Sep-2014 13:31:56.993 CEST
Begin processing the 31st record. Run 208307, Event 723555778, LumiSection 511 at 04-Sep-2014 13:32:06.056 CEST
Begin processing the 32nd record. Run 208307, Event 723535810, LumiSection 511 at 04-Sep-2014 13:32:16.285 CEST
Begin processing the 33rd record. Run 208307, Event 723771906, LumiSection 511 at 04-Sep-2014 13:32:29.372 CEST
Begin processing the 34th record. Run 208307, Event 723831922, LumiSection 511 at 04-Sep-2014 13:32:37.270 CEST
Begin processing the 35th record. Run 208307, Event 723803010, LumiSection 511 at 04-Sep-2014 13:32:43.206 CEST
Begin processing the 36th record. Run 208307, Event 723871138, LumiSection 511 at 04-Sep-2014 13:32:48.989 CEST
Begin processing the 37th record. Run 208307, Event 723860050, LumiSection 511 at 04-Sep-2014 13:32:52.904 CEST
Begin processing the 38th record. Run 208307, Event 723932034, LumiSection 511 at 04-Sep-2014 13:32:58.829 CEST
Begin processing the 39th record. Run 208307, Event 723768522, LumiSection 511 at 04-Sep-2014 13:33:02.364 CEST
Begin processing the 40th record. Run 208307, Event 723822810, LumiSection 511 at 04-Sep-2014 13:33:08.507 CEST
Begin processing the 41st record. Run 208307, Event 722966614, LumiSection 511 at 04-Sep-2014 13:33:22.784 CEST
Begin processing the 42nd record. Run 208307, Event 722979846, LumiSection 511 at 04-Sep-2014 13:33:29.372 CEST
Begin processing the 43rd record. Run 208307, Event 723148534, LumiSection 511 at 04-Sep-2014 13:33:35.914 CEST
Begin processing the 44th record. Run 208307, Event 723223686, LumiSection 511 at 04-Sep-2014 13:33:48.489 CEST
Begin processing the 45th record. Run 208307, Event 723237630, LumiSection 511 at 04-Sep-2014 13:33:52.753 CEST
Begin processing the 46th record. Run 208307, Event 723361870, LumiSection 511 at 04-Sep-2014 13:34:01.210 CEST
Begin processing the 47th record. Run 208307, Event 723265310, LumiSection 511 at 04-Sep-2014 13:34:06.137 CEST
Begin processing the 48th record. Run 208307, Event 723402054, LumiSection 511 at 04-Sep-2014 13:34:25.233 CEST
Begin processing the 49th record. Run 208307, Event 723495262, LumiSection 511 at 04-Sep-2014 13:34:31.930 CEST
Begin processing the 50th record. Run 208307, Event 723413782, LumiSection 511 at 04-Sep-2014 13:34:37.435 CEST
04-Sep-2014 13:34:54 CEST  Closed file file:../data_HLT_RAW/hlt_data_Run2012D.root

=============================================

MessageLogger Summary

 type     category        sev    module        subroutine        count    total
 ---- -------------------- -- ---------------- ----------------  -----    -----
    1 fileAction           -s file_close                             1        1
    2 fileAction           -s file_open                              2        2

 type    category    Examples: run/evt        run/evt          run/evt
 ---- -------------------- ---------------- ---------------- ----------------
    1 fileAction           PostEndRun                        
    2 fileAction           pre-events       pre-events       

Severity    # Occurrences   Total Occurrences
--------    -------------   -----------------
System                  3                   3
