31-Oct-2014 17:17:13 CET  Initiating request to open file file:../mc_HLT_RAW/hlt_mc_Run2012.root
31-Oct-2014 17:17:14 CET  Successfully opened file file:../mc_HLT_RAW/hlt_mc_Run2012.root
Begin processing the 1st record. Run 1, Event 823, LumiSection 13 at 31-Oct-2014 17:17:28.766 CET
%MSG-w SiStripQuality:  SiStripZeroSuppression:siStripZeroSuppression  31-Oct-2014 17:17:31 CET Run: 1 Event: 823
The cabling should always include the active feds in runInfo and possibly have some morethere are instead 59 feds only active in runInfo
%MSG
Begin processing the 2nd record. Run 1, Event 824, LumiSection 13 at 31-Oct-2014 17:17:46.819 CET
Begin processing the 3rd record. Run 1, Event 825, LumiSection 13 at 31-Oct-2014 17:17:54.999 CET
Begin processing the 4th record. Run 1, Event 826, LumiSection 13 at 31-Oct-2014 17:18:00.426 CET
Begin processing the 5th record. Run 1, Event 827, LumiSection 13 at 31-Oct-2014 17:18:05.359 CET
Begin processing the 6th record. Run 1, Event 828, LumiSection 13 at 31-Oct-2014 17:18:13.421 CET
Begin processing the 7th record. Run 1, Event 829, LumiSection 13 at 31-Oct-2014 17:18:21.059 CET
Begin processing the 8th record. Run 1, Event 830, LumiSection 13 at 31-Oct-2014 17:18:34.797 CET
Begin processing the 9th record. Run 1, Event 831, LumiSection 13 at 31-Oct-2014 17:18:42.593 CET
Begin processing the 10th record. Run 1, Event 832, LumiSection 13 at 31-Oct-2014 17:18:47.527 CET
31-Oct-2014 17:18:53 CET  Closed file file:../mc_HLT_RAW/hlt_mc_Run2012.root

=============================================

MessageLogger Summary

 type     category        sev    module        subroutine        count    total
 ---- -------------------- -- ---------------- ----------------  -----    -----
    1 SiStripQuality       -w SiStripZeroSuppr                       1        1
    2 fileAction           -s file_close                             1        1
    3 fileAction           -s file_open                              2        2

 type    category    Examples: run/evt        run/evt          run/evt
 ---- -------------------- ---------------- ---------------- ----------------
    1 SiStripQuality       1/823                             
    2 fileAction           PostEndRun                        
    3 fileAction           pre-events       pre-events       

Severity    # Occurrences   Total Occurrences
--------    -------------   -----------------
Warning                 1                   1
System                  3                   3
