 Process in group number            0
 A PDF is used, so alpha_s(MZ) is going to be modified
 Old value of alpha_s from param_card:   0.11840000003576279     
  ****************************************
 
       NNPDFDriver version 1.0.3
   Grid: NNPDF23_lo_as_0130_qed_mem0.grid
  ****************************************
 New value of alpha_s from PDF nn23lo1:  0.13000000000000000     
 *****************************************************
 *               MadGraph/MadEvent                   *
 *        --------------------------------           *
 *          http://madgraph.hep.uiuc.edu             *
 *          http://madgraph.phys.ucl.ac.be           *
 *          http://madgraph.roma2.infn.it            *
 *        --------------------------------           *
 *                                                   *
 *          PARAMETER AND COUPLING VALUES            *
 *                                                   *
 *****************************************************

  External Params
  ---------------------------------
  
 mdl_cabi =   0.22773599624633789     
 aEWM1 =    127.90000152587891     
 mdl_Gf =    1.1663700000000000E-005
 aS =   0.11840000003576279     
 mdl_ymdo =    5.0400001928210258E-003
 mdl_ymup =    2.5500000920146704E-003
 mdl_yms =   0.10100000351667404     
 mdl_ymc =    1.2699999809265137     
 mdl_ymb =    4.6999998092651367     
 mdl_ymt =    172.00000000000000     
 mdl_yme =    5.1099999109283090E-004
 mdl_ymm =   0.10565999895334244     
 mdl_ymtau =    1.7769999504089355     
 mdl_gz =   0.20000000298023224     
 mdl_Me =    5.1099999109283090E-004
 mdl_MM =   0.10565999895334244     
 mdl_MTA =    1.7769999504089355     
 mdl_MU =    2.5500000920146704E-003
 mdl_MC =    1.2699999809265137     
 mdl_MT =    172.00000000000000     
 mdl_MD =    5.0400001928210258E-003
 mdl_MS =   0.10100000351667404     
 mdl_MB =    4.6999998092651367     
 mdl_MZ =    91.187599182128906     
 mdl_MZph =    600.00000000000000     
 mdl_MZpl =    300.00000000000000     
 mdl_MH =    120.00000000000000     
 mdl_WT =    1.5083359479904175     
 mdl_WZ =    2.4951999187469482     
 mdl_WW =    2.0850000381469727     
 mdl_WH =    5.7530878111720085E-003
  Internal Params
  ---------------------------------
  
 mdl_cos__cabi =   0.97418004116729484     
 mdl_CKM11 =  ( 0.97418004116729484     ,  0.0000000000000000     )
 mdl_sin__cabi =   0.22577255677182662     
 mdl_CKM12 =  ( 0.22577255677182662     ,  0.0000000000000000     )
 mdl_CKM13 =  (  0.0000000000000000     ,  0.0000000000000000     )
 mdl_CKM21 =  (-0.22577255677182662     ,  0.0000000000000000     )
 mdl_CKM22 =  ( 0.97418004116729484     ,  0.0000000000000000     )
 mdl_CKM23 =  (  0.0000000000000000     ,  0.0000000000000000     )
 mdl_CKM31 =  (  0.0000000000000000     ,  0.0000000000000000     )
 mdl_CKM32 =  (  0.0000000000000000     ,  0.0000000000000000     )
 mdl_CKM33 =  (  1.0000000000000000     ,  0.0000000000000000     )
 mdl_gz__exp__2 =    4.0000001192092904E-002
 mdl_MT__exp__2 =    29584.000000000000     
 mdl_MZph__exp__2 =    360000.00000000000     
 mdl_WZph =   0.30872464108747294     
 mdl_WZpl =   0.13262912319590192     
 mdl_MZ__exp__2 =    8315.1782446005964     
 mdl_MZ__exp__4 =    69142189.239479050     
 mdl_sqrt__2 =    1.4142135623730951     
 mdl_MH__exp__2 =    14400.000000000000     
 mdl_complexi =  (  0.0000000000000000     ,  1.0000000000000000     )
 mdl_conjg__CKM11 =  ( 0.97418004116729484     , -0.0000000000000000     )
 mdl_conjg__CKM12 =  ( 0.22577255677182662     , -0.0000000000000000     )
 mdl_conjg__CKM13 =  (  0.0000000000000000     , -0.0000000000000000     )
 mdl_conjg__CKM21 =  (-0.22577255677182662     , -0.0000000000000000     )
 mdl_conjg__CKM22 =  ( 0.97418004116729484     , -0.0000000000000000     )
 mdl_conjg__CKM23 =  (  0.0000000000000000     , -0.0000000000000000     )
 mdl_conjg__CKM31 =  (  0.0000000000000000     , -0.0000000000000000     )
 mdl_conjg__CKM32 =  (  0.0000000000000000     , -0.0000000000000000     )
 mdl_conjg__CKM33 =  (  1.0000000000000000     , -0.0000000000000000     )
 mdl_aEW =    7.8186081944468383E-003
 mdl_MW =    79.824358925027582     
 mdl_sqrt__aEW =    8.8422894062832158E-002
 mdl_ee =   0.31345099817975469     
 mdl_MW__exp__2 =    6371.9282777916305     
 mdl_sw2 =   0.23369913544196141     
 mdl_cw =   0.87538612312398378     
 mdl_sqrt__sw2 =   0.48342438440976621     
 mdl_sw =   0.48342438440976621     
 mdl_g1 =   0.35807170104678437     
 mdl_gw =   0.64839716052482665     
 mdl_v =    246.22056907348585     
 mdl_v__exp__2 =    60624.568634871219     
 mdl_lam =   0.11876373163764771     
 mdl_yb =    2.6995321708601618E-002
 mdl_yc =    7.2944807332640301E-003
 mdl_ydo =    2.8948177050647738E-005
 mdl_ye =    2.9350233430754909E-006
 mdl_ym =    6.0687782536781882E-004
 mdl_ys =    5.8011227620215872E-004
 mdl_yt =   0.98791394091683160     
 mdl_ytau =    1.0206529209404104E-002
 mdl_yup =    1.4646399071165677E-005
 mdl_muH =    84.852813742385706     
 mdl_gw__exp__2 =   0.42041887777665782     
 mdl_cw__exp__2 =   0.76630086455803847     
 mdl_ee__exp__2 =    9.8251528259884577E-002
 mdl_sw__exp__2 =   0.23369913544196141     
  Internal Params evaluated point by point
  ----------------------------------------
  
 mdl_sqrt__aS =   0.34409301073367182     
 mdl_G__exp__2 =    1.4878582811895344     
  Couplings of Zprime_UFO
  ---------------------------------
  
        GC_10 =   0.00000E+00   0.33333E-01

 Collider parameters:
 --------------------

 Running at P P   machine @    8000.0000000000000       GeV
 PDF set = nn23lo1
 alpha_s(Mz)= 0.1300 running at 2 loops.
 alpha_s(Mz)= 0.1300 running at 2 loops.
 Renormalization scale set on event-by-event basis
 Factorization   scale set on event-by-event basis


 getting user params
Enter number of events and max and min iterations: 
 Number of events and iterations         2000           9           3
Enter desired fractional accuracy: 
 Desired fractional accuracy:   -17533.000000000000     
Enter 0 for fixed, 2 for adjustable grid: 
Suppress amplitude (0 no, 1 yes)? 
 Using suppressed amplitude.
Exact helicity sum (0 yes, n = number/event)? 
 Explicitly summing over helicities
Enter Configuration Number: 
Running Configuration Number:    1
 Not subdividing B.W.
 Attempting mappinvarients           1           4
 Completed mapping           4
 about to integrate            4        2000           9           3           4           1
 Using non-zero grid deformation.
  4 dimensions   2000 events  4 invarients  9 iterations  1 config(s),  (0.99)
 Using h-tuple random number sequence.
 Error opening grid
 Using Uniform Grid!
 Using uniform alpha   1.0000000000000000     
 Grid defined OK
 Set CM energy to       8000.00
 Mapping Graph           1  to config           1
 Setting PDF BW           3           1   600.00000000000000     
 Transforming s_hat BW    5.6250000000000007E-003   2.8942935101950593E-006
 Masses: 0.504E-02 0.504E-02 0.470E+01 0.470E+01
   1   1   2   3   4
 Got moffset           1
Using random seed offsets     1 :     15
  with seed                   63
 Ranmar initialization seeds       18438       12610
  Particle       3       4
      Et >     0.0     0.0
       E >     0.0     0.0
     Eta <    -1.0    -1.0
   xqcut:      0.0     0.0
d R # 3  >    -0.0     0.0
s min # 3>     0.0     0.0
xqcutij # 3>     0.0     0.0
 No cut BW           -1           1
 alpha_s for scale    599.50855669163354       is    9.9064259999115417E-002
 Added good helicity            5   2.4649690116151555E-004  in event            1
 Added good helicity            6   7.8717986982925900       in event            1
 Added good helicity            7  0.12770830733797711       in event            1
 Added good helicity            8   2.4649690116151566E-004  in event            1
 Added good helicity            9   2.4649690116151566E-004  in event            1
 Added good helicity           10  0.12770830733797711       in event            1
 Added good helicity           11   7.8717986982925918       in event            1
 Added good helicity           12   2.4649690116151555E-004  in event            1
 Added good helicity            5   9.6390193689476909E-004  in event            1
 Added good helicity            6   3.2343873445449591       in event            1
 Added good helicity            7   4.7636848493644388       in event            1
 Added good helicity            8   9.6390193689476834E-004  in event            1
 Added good helicity            9   9.6390193689476834E-004  in event            1
 Added good helicity           10   4.7636848493644388       in event            1
 Added good helicity           11   3.2343873445449591       in event            1
 Added good helicity           12   9.6390193689476909E-004  in event            1
 Iteration  1   Mean: 0.5479E-01 Abs mean: 0.5479E-01   Fluctuation:  0.123E-02   0.206E+00    98.0%
  1    0.5479E-01 0.5479E-01 +- 0.1229E-02      1.00
 Writing out events   3.1063104390071465E-006   1.0032640950118901     
 Relative summed weights:
  0.4864E+00  0.5136E+00
 Relative number of events:
  0.4825E+00  0.5175E+00
 Events:
         965        1035
 Iteration  2   Mean: 0.5406E-01 Abs mean: 0.5406E-01   Fluctuation:  0.483E-03   0.143E+00    98.3%
  2    0.5406E-01 0.5406E-01 +- 0.4826E-03      0.56
 Relative summed weights:
  0.5063E+00  0.4937E+00
 Relative number of events:
  0.4988E+00  0.5012E+00
 Events:
        1995        2005
 Iteration  3   Mean: 0.5516E-01 Abs mean: 0.5516E-01   Fluctuation:  0.236E-03   0.120E+00    98.8%
  3    0.5516E-01 0.5516E-01 +- 0.2356E-03      0.38
 Relative summed weights:
  0.4996E+00  0.5004E+00
 Relative number of events:
  0.4978E+00  0.5022E+00
 Events:
        3982        4018
 Found          860  events.
 Wrote          855  events.
 Actual xsec    5.4947622886014812E-002
 Correct abs xsec    5.4947622886014812E-002
 Event xsec    5.4947622886015769E-002
 Events wgts > 1:            0
 % Cross section > 1:    0.0000000000000000        0.0000000000000000     
 Checking number of events   963.39667206049774              855  chi2:    2.1102921715596192     
 Found          860  events.
 Wrote          855  events.
 Actual xsec    5.4947622886014812E-002
 Correct abs xsec    5.4947622886014812E-002
 Event xsec    5.4947622886015769E-002
 Events wgts > 1:            0
 % Cross section > 1:    0.0000000000000000        0.0000000000000000     
 Iteration  4   Mean: 0.5506E-01 Abs mean: 0.5506E-01   Fluctuation:  0.121E-03   0.139E+00    99.2%
  4    0.5506E-01 0.5506E-01 +- 0.1209E-03      0.28
 Relative summed weights:
  0.5006E+00  0.4994E+00
 Relative number of events:
  0.5006E+00  0.4994E+00
 Events:
        8010        7990
 Found         1606  events.
 Wrote         1601  events.
 Actual xsec    5.5033046955740864E-002
 Correct abs xsec    5.5033046955740864E-002
 Event xsec    5.5033046955738650E-002
 Events wgts > 1:         1601
 % Cross section > 1:    1.0848797988433079E-017   1.9713242476213293E-014
 Checking number of events   964.89441227500458             1601  chi2:    2.2111997021450649     

 -------------------------------------------------------------------------------
 Accumulated results:   Integral =  0.5503E-01
                        Std dev  =  0.1046E-03
                       Cross sec =  0.1439E+01
             Chi**2 per DoF.     =
-------------------------------------------------
---------------------------
 Results Last   3 iters: Integral =   0.5503E-01
                     Abs integral =   0.5503E-01
                          Std dev =   0.1050E-03
                  Chi**2 per DoF. =      2.2112
-------------------------------------------------
---------------------------
 Status  -17533.000000000000                5           9
 We found enough events        1601   964.89441227500458     

ls status:
events.lhe
ftn25
ftn26
input_sg.txt
moffset.dat
results.dat
run1_app.log
